C51 COMPILER V9.57.0.0   TXRX                                                              07/04/2018 23:15:42 PAGE 1   


C51 COMPILER V9.57.0.0, COMPILATION OF MODULE TXRX
OBJECT MODULE PLACED IN .\Objects\txrx.obj
COMPILER INVOKED BY: D:\Programas\Keil C51\C51\BIN\C51.EXE txrx.c OPTIMIZE(8,SPEED) BROWSE INCDIR(..\..\..\..\nrf24le1\n
                    -RF24LE1\libraries\nrf;D:\Programas\Nordic Semiconductor\nRFgo SDK 2.3.0.10040\nrf;D:\Programas\Nordic Semiconductor\nRFg
                    -o SDK 2.3.0.10040\source_code\compiler\common;D:\Programas\Nordic Semiconductor\nRFgo SDK 2.3.0.10040\source_code\hal\nr
                    -f24le1) DEBUG OBJECTEXTEND PRINT(.\Listings\txrx.lst) TABS(2) OBJECT(.\Objects\txrx.obj)

line level    source

   1          #include<Nordic\reg24le1.h>
   2          #include<hal_delay.h>
*** WARNING C318 IN LINE 2 OF txrx.c: can't open file 'hal_delay.h'
   3          #include<stdint.h>
   4          #include<nRF-SPICommands.h>
   5          
   6          void setup()
   7          {
   8   1      P0DIR = 0xFF;
   9   1      P1DIR = 0xFF;
  10   1      
  11   1      P0DIR &= ~(1<<3);
  12   1      P0DIR &= ~(1<<6);
  13   1      
  14   1      P1DIR |= 1<<4;
  15   1      P0DIR |= 1<<2;
  16   1        
  17   1      rf_init(ADDR_HOST, ADDR_HOST, 92, RF_DATA_RATE_2Mbps, RF_TX_POWER_0dBm);
  18   1      }
  19          
  20          void loop()
  21          {
  22   1        if(P14 == 1)
  23   1        {
  24   2          
  25   2          tx_buf[0] = 'G';
  26   2          TX_Mode_NOACK(1);
  27   2          P03 =1;
  28   2          delay_ms(1000);
*** WARNING C206 IN LINE 28 OF txrx.c: 'delay_ms': missing function-prototype
*** ERROR C267 IN LINE 28 OF txrx.c: 'delay_ms': requires ANSI-style prototype
  29   2          P03 =0;
  30   2          delay_ms(1000);
  31   2          P03 =1;
  32   2          delay_ms(1000);
  33   2          P03 =0;
  34   2        }
  35   1        if(P14 == 0)
  36   1        { 
  37   2          P03 =0;
  38   2        }
  39   1        if(P02 == 1)
  40   1        { tx_buf[0] = 'R';
  41   2          TX_Mode_NOACK(1);
  42   2          sendString("oi");
  43   2          P06=1;
  44   2          delay_ms(1000);
  45   2          P06=0;
  46   2          delay_ms(1000);
  47   2          P06=1;
  48   2          delay_ms(1000);
  49   2          P06=0;
C51 COMPILER V9.57.0.0   TXRX                                                              07/04/2018 23:15:42 PAGE 2   

  50   2          delay_ms(1000);
  51   2        } 
  52   1        if(P02 == 0)
  53   1        { 
  54   2          P06=0;
  55   2        }
  56   1        
  57   1        if(newPayload)
  58   1        {
  59   2          newPayload = 0;
  60   2          switch(rx_buf[0])
  61   2          {
  62   3            case 'G':
  63   3              P06 =1;
  64   3            break;
  65   3            case 'R':
  66   3              P03 =1;
  67   3            break;
  68   3            default:
  69   3              P06 = 1; P03 = 1;  delay_ms(500);
  70   3              P06 = 0; P03 = 0; delay_ms(500);
  71   3              break;
  72   3          }
  73   2        }
  74   1      }
  75          
  76          void main()
  77          {   
  78   1        setup();
  79   1        while(1)
  80   1        {
  81   2        loop();
  82   2        }
  83   1      }

C51 COMPILATION COMPLETE.  2 WARNING(S),  1 ERROR(S)
