C51 COMPILER V9.57.0.0   INTERRUP__O_UTILIZANDO_PINOS                                      07/05/2018 01:11:26 PAGE 1   


C51 COMPILER V9.57.0.0, COMPILATION OF MODULE INTERRUP__O_UTILIZANDO_PINOS
OBJECT MODULE PLACED IN .\Objects\Interrupção utilizando pinos.obj
COMPILER INVOKED BY: D:\Programas\Keil C51\C51\BIN\C51.EXE Interrupção utilizando pinos.c OPTIMIZE(8,SPEED) BROWSE INCDI
                    -R(.\nrf;.\nrf\source_code\compiler\common;.\nrf\source_code\hal;.\nrf\source_code\hal\nrf24le1) DEBUG OBJECTEXTEND PRINT
                    -(.\Listings\Interrupção utilizando pinos.lst) TABS(2) OBJECT(.\Objects\Interrupção utilizando pinos.obj)

line level    source

*** WARNING C500 IN LINE 1 OF Interrupção utilizando pinos.c: LICENSE ERROR (R230(2): CONNECT TO UVISION KERNEL FAILED)

   1          #include"reg24le1.h" // I/O header file for NRF24LE1
   2          #include<stdint.h> // header file containing standard I/O functions
   3          #include"hal_delay.h" // header file containing delay functions
   4          #include"isrdef24le1.h" //header file containing Interrupt Service Routine definition for NRF24LE1
   5           
   6          // main code
   7          void main()
   8          {
   9   1      P0DIR = 0xf0; // make upper 4 bits of Port0 as input
  10   1      P1DIR = 0;  // set Port1 as output
  11   1      P1 = 0x00; // make all pins of Port1 low
  12   1      IEN0 = 0x81; // enable interrupt from pin
  13   1      INTEXP = 0x08; // enable INT0
  14   1      while(1); // infinite loop, wait for interrupt
  15   1       
  16   1      }
  17           
  18          // Interrupt Service Routine
  19          //EXT_INT0_ISR()
  20          {
*** ERROR C141 IN LINE 20 OF Interrupção utilizando pinos.c: syntax error near '{'
  21          P1DIR = 0xff; // make all pins of Port1 high
*** ERROR C231 IN LINE 21 OF Interrupção utilizando pinos.c: 'P1DIR': redefinition
*** ERROR C231 IN LINE 21 OF Interrupção utilizando pinos.c: 'P1DIR': redefinition
  22          delay_ms(1000); // delay of 1 second
*** ERROR C141 IN LINE 22 OF Interrupção utilizando pinos.c: syntax error near '1000'
*** ERROR C231 IN LINE 22 OF Interrupção utilizando pinos.c: '_delay_ms': redefinition
  23          P1DIR = 0x00; // make all pins of Port1 Low
*** ERROR C279 IN LINE 23 OF Interrupção utilizando pinos.c: 'P1DIR': multiple initialization
*** ERROR C231 IN LINE 23 OF Interrupção utilizando pinos.c: 'P1DIR': redefinition
*** ERROR C231 IN LINE 23 OF Interrupção utilizando pinos.c: 'P1DIR': redefinition
  24          delay_ms(1000);  // delay of 1 second
*** ERROR C141 IN LINE 24 OF Interrupção utilizando pinos.c: syntax error near '1000'
*** ERROR C231 IN LINE 24 OF Interrupção utilizando pinos.c: '_delay_ms': redefinition
  25          }
*** ERROR C141 IN LINE 25 OF Interrupção utilizando pinos.c: syntax error near '}'

C51 COMPILATION COMPLETE.  1 WARNING(S),  11 ERROR(S)
